Determining if the pthread_create exist failed with the following output:
Change Dir: /media/xiesc/Xie Shichao/catkin_can/build/CMakeFiles/CMakeTmp

Run Build Command:"/usr/bin/make" "cmTC_0a961/fast"
/usr/bin/make -f CMakeFiles/cmTC_0a961.dir/build.make CMakeFiles/cmTC_0a961.dir/build
make[1]: Entering directory '/media/xiesc/Xie Shichao/catkin_can/build/CMakeFiles/CMakeTmp'
Building C object CMakeFiles/cmTC_0a961.dir/CheckSymbolExists.c.o
/usr/bin/cc     -o CMakeFiles/cmTC_0a961.dir/CheckSymbolExists.c.o   -c "/media/xiesc/Xie Shichao/catkin_can/build/CMakeFiles/CMakeTmp/CheckSymbolExists.c"
Linking C executable cmTC_0a961
/usr/bin/cmake -E cmake_link_script CMakeFiles/cmTC_0a961.dir/link.txt --verbose=1
/usr/bin/cc       CMakeFiles/cmTC_0a961.dir/CheckSymbolExists.c.o  -o cmTC_0a961 -rdynamic 
CMakeFiles/cmTC_0a961.dir/CheckSymbolExists.c.o：在函数‘main’中：
CheckSymbolExists.c:(.text+0x16)：对‘pthread_create’未定义的引用
collect2: error: ld returned 1 exit status
CMakeFiles/cmTC_0a961.dir/build.make:97: recipe for target 'cmTC_0a961' failed
make[1]: *** [cmTC_0a961] Error 1
make[1]: Leaving directory '/media/xiesc/Xie Shichao/catkin_can/build/CMakeFiles/CMakeTmp'
Makefile:126: recipe for target 'cmTC_0a961/fast' failed
make: *** [cmTC_0a961/fast] Error 2

File /media/xiesc/Xie Shichao/catkin_can/build/CMakeFiles/CMakeTmp/CheckSymbolExists.c:
/* */
#include <pthread.h>

int main(int argc, char** argv)
{
  (void)argv;
#ifndef pthread_create
  return ((int*)(&pthread_create))[argc];
#else
  (void)argc;
  return 0;
#endif
}

Determining if the function pthread_create exists in the pthreads failed with the following output:
Change Dir: /media/xiesc/Xie Shichao/catkin_can/build/CMakeFiles/CMakeTmp

Run Build Command:"/usr/bin/make" "cmTC_8f843/fast"
/usr/bin/make -f CMakeFiles/cmTC_8f843.dir/build.make CMakeFiles/cmTC_8f843.dir/build
make[1]: Entering directory '/media/xiesc/Xie Shichao/catkin_can/build/CMakeFiles/CMakeTmp'
Building C object CMakeFiles/cmTC_8f843.dir/CheckFunctionExists.c.o
/usr/bin/cc    -DCHECK_FUNCTION_EXISTS=pthread_create   -o CMakeFiles/cmTC_8f843.dir/CheckFunctionExists.c.o   -c /usr/share/cmake-3.5/Modules/CheckFunctionExists.c
Linking C executable cmTC_8f843
/usr/bin/cmake -E cmake_link_script CMakeFiles/cmTC_8f843.dir/link.txt --verbose=1
/usr/bin/cc   -DCHECK_FUNCTION_EXISTS=pthread_create    CMakeFiles/cmTC_8f843.dir/CheckFunctionExists.c.o  -o cmTC_8f843 -rdynamic -lpthreads 
/usr/bin/ld: 找不到 -lpthreads
collect2: error: ld returned 1 exit status
CMakeFiles/cmTC_8f843.dir/build.make:97: recipe for target 'cmTC_8f843' failed
make[1]: *** [cmTC_8f843] Error 1
make[1]: Leaving directory '/media/xiesc/Xie Shichao/catkin_can/build/CMakeFiles/CMakeTmp'
Makefile:126: recipe for target 'cmTC_8f843/fast' failed
make: *** [cmTC_8f843/fast] Error 2


